-------------------------------------------------------------------------------
Test set: com.urbanfurniture.accounting.sales.SalesOrderApiIntegrationTests
-------------------------------------------------------------------------------
Tests run: 2, Failures: 1, Errors: 0, Skipped: 0, Time elapsed: 0.099 s <<< FAILURE! -- in com.urbanfurniture.accounting.sales.SalesOrderApiIntegrationTests
com.urbanfurniture.accounting.sales.SalesOrderApiIntegrationTests.rejectsConfirmationWhenStockIsUnavailable -- Time elapsed: 0.012 s <<< FAILURE!
java.lang.AssertionError: Status expected:<201> but was:<403>
	at org.springframework.test.util.AssertionErrors.fail(AssertionErrors.java:62)
	at org.springframework.test.util.AssertionErrors.assertEquals(AssertionErrors.java:129)
	at org.springframework.test.web.servlet.result.StatusResultMatchers.lambda$matcher$0(StatusResultMatchers.java:600)
	at org.springframework.test.web.servlet.MockMvc$1.andExpect(MockMvc.java:212)
	at com.urbanfurniture.accounting.sales.SalesOrderApiIntegrationTests.rejectsConfirmationWhenStockIsUnavailable(SalesOrderApiIntegrationTests.java:70)

