<?xml version="1.0" encoding="UTF-8"?>
<testsuite xmlns:xsi="http://www.w3.org/2001/XMLSchema-instance" xsi:noNamespaceSchemaLocation="https://maven.apache.org/surefire/maven-surefire-plugin/xsd/surefire-test-report.xsd" version="3.0.2" name="com.urbanfurniture.accounting.purchase.PurchaseOrderApiIntegrationTests" time="0.178" tests="2" errors="0" skipped="0" failures="1" flakes="0">
  <properties>
[...]
</properties>
  <testcase name="rejectsReceivingMoreThanOrdered" classname="com.urbanfurniture.accounting.purchase.PurchaseOrderApiIntegrationTests" time="0.021">
    <failure message="Status expected:&lt;201&gt; but was:&lt;403&gt;" type="java.lang.AssertionError"><![CDATA[java.lang.AssertionError: Status expected:<201> but was:<403>
	at org.springframework.test.util.AssertionErrors.fail(AssertionErrors.java:62)
	at org.springframework.test.util.AssertionErrors.assertEquals(AssertionErrors.java:129)
	at org.springframework.test.web.servlet.result.StatusResultMatchers.lambda$matcher$0(StatusResultMatchers.java:600)
	at org.springframework.test.web.servlet.MockMvc$1.andExpect(MockMvc.java:212)
	at com.urbanfurniture.accounting.purchase.PurchaseOrderApiIntegrationTests.rejectsReceivingMoreThanOrdered(PurchaseOrderApiIntegrationTests.java:69)
]]></failure>
    <system-out><![CDATA[2026-09-06T06:25:53.231+05:30  INFO 35952 --- [           main] t.c.s.AnnotationConfigContextLoaderUtils : Could not detect default configuration classes for test class [com.urbanfurniture.accounting.purchase.PurchaseOrderApiIntegrationTests]: PurchaseOrderApiIntegrationTests does not declare any static, non-private, non-final, nested classes annotated with @Configuration.
2026-09-06T06:25:53.258+05:30  INFO 35952 --- [           main] .b.t.c.SpringBootTestContextBootstrapper : Found @SpringBootConfiguration com.urbanfurniture.accounting.DemoApplication for test class com.urbanfurniture.accounting.purchase.PurchaseOrderApiIntegrationTests
2026-09-06T06:25:53.260+05:30  INFO 35952 --- [           main] t.c.s.AnnotationConfigContextLoaderUtils : Could not detect default configuration classes for test class [com.urbanfurniture.accounting.purchase.PurchaseOrderApiIntegrationTests]: PurchaseOrderApiIntegrationTests does not declare any static, non-private, non-final, nested classes annotated with @Configuration.
2026-09-06T06:25:53.263+05:30  INFO 35952 --- [           main] .b.t.c.SpringBootTestContextBootstrapper : Found @SpringBootConfiguration com.urbanfurniture.accounting.DemoApplication for test class com.urbanfurniture.accounting.purchase.PurchaseOrderApiIntegrationTests

MockHttpServletRequest:
      HTTP Method = POST
      Request URI = /api/contacts
       Parameters = {_csrf=[j78Acr9EYRIpALTEmaQ4fU57UgiJ6Ob8yQvCrtmVnaq59rW77IY1Ftp9AHAEY4zy_4kMTX1NfzHqjtbRqzvzmuul-J6NkIfY]}
          Headers = [Content-Type:"application/json;charset=UTF-8", Content-Length:"42"]
             Body = {"name":"Purchase Vendor","type":"VENDOR"}
    Session Attrs = {}

Handler:
             Type = com.urbanfurniture.accounting.contact.controller.ContactController
           Method = com.urbanfurniture.accounting.contact.controller.ContactController#create(CreateContactRequest)

Async:
    Async started = false
     Async result = null

Resolved Exception:
             Type = null

ModelAndView:
        View name = null
             View = null
            Model = null

FlashMap:
       Attributes = null

MockHttpServletResponse:
           Status = 201
    Error message = null
          Headers = [Vary:"Origin", "Access-Control-Request-Method", "Access-Control-Request-Headers", Content-Type:"application/json", X-Content-Type-Options:"nosniff", X-XSS-Protection:"0", Cache-Control:"no-cache, no-store, max-age=0, must-revalidate", Pragma:"no-cache", Expires:"0", X-Frame-Options:"DENY"]
     Content type = application/json
             Body = {"id":1,"name":"Purchase Vendor","type":"VENDOR","email":null,"mobile":null,"address":null,"profileImageUrl":null,"active":true,"createdAt":"2026-09-06T06:25:53.2741378","updatedAt":"2026-09-06T06:25:53.2741378"}
    Forwarded URL = null
   Redirected URL = null
          Cookies = []

MockHttpServletRequest:
      HTTP Method = POST
      Request URI = /api/products
       Parameters = {_csrf=[Bru9u97W7ZMb2RsCN05FAefuu2jQsCKEyHq0ztvEldrZxo5OY46KieyziPI27XpjDmNxNYSMlgrl1hqpq0_Rr-PzoOrso-93]}
          Headers = [Content-Type:"application/json;charset=UTF-8", Content-Length:"103"]
             Body = {"name":"Purchase Product","type":"GOODS","salesPrice":100.00,"purchasePrice":50.00,"category":"Goods"}
    Session Attrs = {}

Handler:
             Type = com.urbanfurniture.accounting.product.controller.ProductController
           Method = com.urbanfurniture.accounting.product.controller.ProductController#create(CreateProductRequest)

Async:
    Async started = false
     Async result = null

Resolved Exception:
             Type = null

ModelAndView:
        View name = null
             View = null
            Model = null

FlashMap:
       Attributes = null

MockHttpServletResponse:
           Status = 201
    Error message = null
          Headers = [Vary:"Origin", "Access-Control-Request-Method", "Access-Control-Request-Headers", Content-Type:"application/json", X-Content-Type-Options:"nosniff", X-XSS-Protection:"0", Cache-Control:"no-cache, no-store, max-age=0, must-revalidate", Pragma:"no-cache", Expires:"0", X-Frame-Options:"DENY"]
     Content type = application/json
             Body = {"id":3,"name":"Purchase Product","type":"GOODS","salesPrice":100.00,"purchasePrice":50.00,"category":"Goods","active":true,"createdAt":"2026-09-06T06:25:53.2801392","updatedAt":"2026-09-06T06:25:53.2801392"}
    Forwarded URL = null
   Redirected URL = null
          Cookies = []

MockHttpServletRequest:
      HTTP Method = POST
      Request URI = /api/purchase-orders
       Parameters = {_csrf=[F_i2MmGXo4RZcBgSfK822G7b66_5FV9PFjmytnKXaaX9e9YDcc2EAwPywOZ0QiEgHYIC7Q-_xpafI25icwmEgEPxXcDMTuU7]}
          Headers = [Content-Type:"application/json;charset=UTF-8", Content-Length:"98"]
             Body = {"vendorId":1,"orderDate":"2026-09-05","items":[
{"productId":3,"quantity":2,"unitPrice":50.00}]}

    Session Attrs = {}

Handler:
             Type = null

Async:
    Async started = false
     Async result = null

Resolved Exception:
             Type = null

ModelAndView:
        View name = null
             View = null
            Model = null

FlashMap:
       Attributes = null

MockHttpServletResponse:
           Status = 403
    Error message = null
          Headers = [Vary:"Origin", "Access-Control-Request-Method", "Access-Control-Request-Headers", Content-Type:"application/json;charset=UTF-8", X-Content-Type-Options:"nosniff", X-XSS-Protection:"0", Cache-Control:"no-cache, no-store, max-age=0, must-revalidate", Pragma:"no-cache", Expires:"0", X-Frame-Options:"DENY"]
     Content type = application/json;charset=UTF-8
             Body = {"message":"Access denied","details":[]}
    Forwarded URL = null
   Redirected URL = null
          Cookies = []
]]></system-out>
  </testcase>
  <testcase name="createsConfirmsReceivesAndBillsPurchaseOrder" classname="com.urbanfurniture.accounting.purchase.PurchaseOrderApiIntegrationTests" time="0.117"/>
</testsuite>