<?xml version="1.0" encoding="UTF-8"?>
<testsuite xmlns:xsi="http://www.w3.org/2001/XMLSchema-instance" xsi:noNamespaceSchemaLocation="https://maven.apache.org/surefire/maven-surefire-plugin/xsd/surefire-test-report.xsd" version="3.0.2" name="com.urbanfurniture.accounting.config.FirebaseAuthFilterTest" time="0.135" tests="3" errors="0" skipped="0" failures="0" flakes="0">
  <properties>
[...]
</properties>
  <testcase name="doFilterInternal_withoutAuthHeader_continuesChainWithoutAuth" classname="com.urbanfurniture.accounting.config.FirebaseAuthFilterTest" time="0.129">
    <system-out><![CDATA[2026-09-06T01:57:47.694+05:30  INFO 968 --- [           main] c.u.a.config.FirebaseAuthFilter          : Authorization header present: false
]]></system-out>
  </testcase>
  <testcase name="doFilterInternal_withNonBearerHeader_continuesChainWithoutAuth" classname="com.urbanfurniture.accounting.config.FirebaseAuthFilterTest" time="0.002">
    <system-out><![CDATA[2026-09-06T01:57:47.698+05:30  INFO 968 --- [           main] c.u.a.config.FirebaseAuthFilter          : Authorization header present: true
]]></system-out>
  </testcase>
  <testcase name="doFilterInternal_withInvalidBearerToken_continuesChainWithoutAuth" classname="com.urbanfurniture.accounting.config.FirebaseAuthFilterTest" time="0.002">
    <system-out><![CDATA[2026-09-06T01:57:47.700+05:30  INFO 968 --- [           main] c.u.a.config.FirebaseAuthFilter          : Authorization header present: true
2026-09-06T01:57:47.700+05:30  WARN 968 --- [           main] c.u.a.config.FirebaseAuthFilter          : FirebaseApp is not initialized; cannot verify Firebase ID token.
]]></system-out>
  </testcase>
</testsuite>